WARNING: You're attempting to print out a bitcode file.
This is inadvisable as it may cause display problems. If
you REALLY want to taste LLVM bitcode first-hand, you
can force output with the `-f' option.

autohelperjoseki297
autohelperjoseki299
autohelperjoseki301
autohelperjoseki303
autohelperjoseki305
autohelperjoseki307
autohelperjoseki309
autohelperjoseki311
autohelperjoseki313
autohelperjoseki315
autohelperjoseki317
autohelperjoseki319
autohelperjoseki321
autohelperjoseki323
autohelperjoseki325
autohelperjoseki327
autohelperjoseki329
autohelperjoseki331
autohelperjoseki333
autohelperjoseki335
autohelperjoseki337
autohelperjoseki339
autohelperjoseki341
autohelperjoseki343
autohelperjoseki345
autohelperjoseki347
autohelperjoseki349
autohelperjoseki351
autohelperjoseki353
autohelperjoseki355
autohelperjoseki357
autohelperjoseki359
autohelperjoseki361
autohelperjoseki363
autohelperjoseki365
autohelperjoseki367
autohelperjoseki369
autohelperjoseki371
autohelperjoseki373
autohelperjoseki375
autohelperjoseki377
autohelperjoseki379
autohelperjoseki381
autohelperjoseki383
autohelperjoseki385
autohelperjoseki387
autohelperjoseki389
autohelperjoseki391
autohelperjoseki393
autohelperjoseki394
autohelperjoseki396
autohelperjoseki398
autohelperjoseki400
autohelperjoseki402
autohelperjoseki404
autohelperjoseki406
autohelperjoseki408
autohelperjoseki410
autohelperjoseki412
autohelperjoseki414
autohelperjoseki448
autohelperjoseki450
autohelperjoseki452
autohelperjoseki454
autohelperjoseki456
autohelperjoseki512
autohelperjoseki522
autohelperjoseki531
autohelperjoseki607
autohelperjoseki689
autohelperjoseki697
autohelperjoseki715
autohelperjoseki729
autohelperjoseki730
autohelperjoseki755
autohelperjoseki764
autohelperjoseki766
autohelperjoseki772
autohelperjoseki782
autohelperjoseki795
autohelperjoseki796
autohelperjoseki848
autohelperjoseki851
autohelperjoseki899
autohelperjoseki992
autohelperjoseki994
autohelperhandipat6
autohelperhandipat25
autohelperhandipat26
autohelperhandipat27
autohelperhandipat28
autohelperhandipat36
autohelperhandipat37
autohelperhandipat38
autohelperhandipat39
autohelperhandipat40
ocscfi_free
ocscfi_init
mpxrt_prepare
handler_wrap
open_child_files
mpxrt_cleanup
at_fork_check
target_comp_func
move_comp_func
atari_atari_attack_callback
fuseki_callback
whose_territory
whose_area
whose_moyo_restricted
influence_callback
compare_intrusions
followup_influence_callback
matchpat_loop
prepare_for_match
dfa_matchpat_loop
dfa_prepare_for_match
owl_move_reason_known
free_handicap_callback
rotate_on_input
rotate_on_output
gtp_aa_confirm_safety
gtp_all_legal
gtp_attack
gtp_attack_either
gtp_playblack
gtp_set_boardsize
gtp_captures
gtp_clear_board
gtp_clear_cache
owl_move_vs_worm_known
tactical_move_vs_whole_dragon_known
either_worm_attackable
one_of_both_attackable
concerns_inessential_worm
concerns_inessential_dragon
move_is_marked_unsafe
owl_shapes_callback
collect_owl_shapes_callbacks
autohelperowl_attackpat105
autohelperowl_attackpat107
autohelperowl_attackpat110
autohelperowl_attackpat112
autohelperowl_attackpat113
autohelperowl_attackpat114
autohelperowl_attackpat117
autohelperowl_attackpat118
autohelperowl_attackpat119
autohelperowl_attackpat120
autohelperowl_attackpat122
autohelperowl_attackpat123
autohelperowl_attackpat124
autohelperowl_attackpat125
autohelperowl_attackpat126
autohelperowl_attackpat127
autohelperowl_attackpat128
autohelperowl_attackpat129
autohelperowl_attackpat130
autohelperowl_attackpat132
autohelperowl_attackpat133
autohelperowl_attackpat136
autohelperowl_attackpat137
autohelperowl_attackpat138
autohelperowl_attackpat139
autohelperowl_attackpat140
autohelperowl_attackpat141
autohelperowl_attackpat144
autohelperowl_attackpat145
autohelperowl_attackpat146
autohelperowl_attackpat147
autohelperowl_attackpat148
shapes_callback
compare_move_reasons
defense_callback
attack_callback
autohelperpat702
autohelperpat703
autohelperpat705
autohelperpat706
autohelperpat707
autohelperpat708
autohelperpat709
autohelperpat710
autohelperpat711
autohelperpat712
autohelperpat713
autohelperpat714
autohelperpat715
autohelperpat716
autohelperpat717
autohelperpat718
autohelperpat719
autohelperpat720
autohelperpat721
autohelperpat722
autohelperpat723
autohelperpat726
autohelperpat727
autohelperpat728
autohelperpat729
autohelperpat730
autohelperpat731
autohelperpat732
autohelperpat733
autohelperpat734
autohelperpat737
autohelperpat738
autohelperpat742
autohelperpat743
autohelperpat744
autohelperpat748
autohelperpat749
autohelperpat750
autohelperpat751
autohelperpat752
autohelperpat754
autohelperpat755
autohelperpat756
autohelperpat757
autohelperpat758
autohelperpat759
autohelperpat760
autohelperpat761
autohelperpat763
autohelperpat764
autohelperpat765
autohelperpat766
autohelperpat768
autohelperpat769
autohelperpat770
autohelperpat771
autohelperpat772
autohelperpat773
autohelperpat774
autohelperpat775
autohelperpat776
autohelperpat777
autohelperpat783
autohelperpat785
autohelperpat789
autohelperpat790
autohelperpat791
autohelperpat792
autohelperpat793
autohelperpat795
autohelperpat796
autohelperpat797
autohelperpat807
autohelperpat808
autohelperpat809
autohelperpat815
autohelperpat817
autohelperpat821
autohelperpat823
autohelperpat824
autohelperpat825
autohelperpat827
autohelperpat831
autohelperpat832
autohelperpat833
autohelperpat835
autohelperpat836
autohelperpat838
autohelperpat839
autohelperpat840
autohelperpat841
autohelperpat842
autohelperpat850
autohelperpat852
autohelperpat854
autohelperpat856
autohelperpat857
autohelperpat858
autohelperpat859
autohelperpat860
autohelperpat862
autohelperpat868
autohelperpat869
autohelperpat870
autohelperpat872
autohelperpat873
autohelperpat875
autohelperpat877
autohelperpat878
autohelperpat879
autohelperpat880
autohelperpat881
autohelperpat882
autohelperpat883
autohelperpat884
autohelperpat885
autohelperpat912
autohelperpat914
autohelperpat915
autohelperpat917
autohelperpat919
autohelperpat920
autohelperpat921
autohelperpat922
autohelperpat923
autohelperpat924
autohelperpat925
autohelperpat926
autohelperpat927
autohelperpat928
autohelperpat929
autohelperpat930
autohelperpat931
autohelperpat932
autohelperpat933
autohelperpat935
autohelperpat936
gtp_what_color
gtp_combination_attack
gtp_connect
gtp_countlib
gtp_cputime
gtp_decrease_depths
gtp_defend
gtp_defend_both
gtp_disconnect
gtp_dragon_data
gtp_dragon_status
gtp_dragon_stones
gtp_dump_stack
gtp_echo
gtp_echo_err
gtp_estimate_score
gtp_accuratelib
gtp_accurate_approxlib
gtp_experimental_score
gtp_eval_eye
gtp_final_score
gtp_final_status
gtp_final_status_list
gtp_findlib
gtp_finish_sgftrace
gtp_fixed_handicap
gtp_get_handicap
gtp_get_random_seed
gtp_set_random_seed
gtp_genmove
gtp_genmove_black
gtp_genmove_white
gtp_get_connection_node_counter
gtp_get_life_node_counter
gtp_get_owl_node_counter
gtp_get_reading_node_counter
gtp_get_trymove_counter
gtp_gg_genmove
gtp_gg_undo
gtp_list_commands
gtp_increase_depths
gtp_is_legal
gtp_known_command
gtp_set_komi
gtp_get_komi
gtp_ladder_attack
gtp_set_level
gtp_list_stones
gtp_loadsgf
gtp_name
gtp_owl_analyze_semeai
gtp_tactical_analyze_semeai
gtp_owl_attack
gtp_owl_connection_defends
gtp_owl_defend
gtp_owl_does_attack
gtp_owl_does_defend
gtp_owl_substantial
gtp_owl_threaten_attack
gtp_owl_threaten_defense
gtp_play
gtp_popgo
gtp_set_orientation
gtp_place_free_handicap
gtp_protocol_version
gtp_query_boardsize
gtp_query_orientation
gtp_quit
gtp_restricted_genmove
gtp_reg_genmove
gtp_report_uncertainty
gtp_reset_connection_node_counter
gtp_reset_life_node_counter
gtp_reset_owl_node_counter
gtp_reset_reading_node_counter
gtp_reset_trymove_counter
gtp_same_dragon
gtp_set_free_handicap
gtp_showboard
gtp_is_surrounded
gtp_does_surround
gtp_surround_map
gtp_start_sgftrace
gtp_test_eyeshape
gtp_time_left
gtp_time_settings
gtp_top_moves
gtp_top_moves_black
gtp_top_moves_white
gtp_trymove
gtp_tryko
gtp_tune_move_ordering
gtp_undo
gtp_program_version
gtp_playwhite
gtp_worm_cutstone
gtp_worm_data
gtp_worm_stones
cut_callback
conn_callback
modify_eye_callback
basic_cut_helper
jump_out_helper
jump_out_far_helper
high_handicap_helper
reinforce_helper
throw_in_atari_helper
ugly_cutstone_helper
cutstone2_helper
autohelperowl_attackpat0
autohelperowl_attackpat6
autohelperowl_attackpat11
autohelperowl_attackpat14
autohelperowl_attackpat17
autohelperowl_attackpat18
autohelperowl_attackpat27
autohelperowl_attackpat28
autohelperowl_attackpat31
autohelperowl_attackpat32
autohelperowl_attackpat34
autohelperowl_attackpat37
autohelperowl_attackpat39
autohelperowl_attackpat40
autohelperowl_attackpat42
autohelperowl_attackpat43
autohelperowl_attackpat44
autohelperowl_attackpat46
autohelperowl_attackpat47
autohelperowl_attackpat49
autohelperowl_attackpat50
autohelperowl_attackpat51
autohelperowl_attackpat52
autohelperowl_attackpat53
autohelperowl_attackpat54
autohelperowl_attackpat55
autohelperowl_attackpat56
autohelperowl_attackpat57
autohelperowl_attackpat59
autohelperowl_attackpat63
autohelperowl_attackpat64
autohelperowl_attackpat67
autohelperowl_attackpat68
autohelperowl_attackpat69
autohelperowl_attackpat70
autohelperowl_attackpat71
autohelperowl_attackpat73
autohelperowl_attackpat74
autohelperowl_attackpat75
autohelperowl_attackpat77
autohelperowl_attackpat78
autohelperowl_attackpat79
autohelperowl_attackpat80
autohelperowl_attackpat81
autohelperowl_attackpat82
autohelperowl_attackpat83
autohelperowl_attackpat84
autohelperowl_attackpat85
autohelperowl_attackpat87
autohelperowl_attackpat88
autohelperowl_attackpat89
autohelperowl_attackpat90
autohelperowl_attackpat91
autohelperowl_attackpat92
autohelperowl_attackpat93
autohelperowl_attackpat94
autohelperowl_attackpat95
autohelperowl_attackpat96
autohelperowl_attackpat98
autohelperendpat42
autohelperendpat43
autohelperendpat45
autohelperendpat46
autohelperendpat47
autohelperendpat49
autohelperendpat50
autohelperendpat51
autohelperendpat52
autohelperendpat53
autohelperendpat54
autohelperendpat55
autohelperendpat56
autohelperendpat57
autohelperendpat58
autohelperendpat60
autohelperendpat61
autohelperendpat63
autohelperendpat65
autohelperendpat66
autohelperendpat67
autohelperendpat68
autohelperendpat69
autohelperendpat70
autohelperendpat71
autohelperendpat72
autohelperendpat73
autohelperendpat74
autohelperendpat75
autohelperendpat76
autohelperendpat77
autohelperendpat79
autohelperendpat80
autohelperendpat81
autohelperendpat83
autohelperendpat84
autohelperendpat86
autohelperendpat87
autohelperendpat89
autohelperendpat90
autohelperendpat91
autohelperendpat92
autohelperendpat93
autohelperendpat94
autohelperaa_attackpat0
autohelperaa_attackpat5
autohelperaa_attackpat8
autohelperaa_attackpat10
autohelperaa_attackpat11
autohelperaa_attackpat12
autohelperaa_attackpat13
autohelperaa_attackpat14
autohelperaa_attackpat15
autohelperowl_defendpat0
autohelperowl_defendpat8
autohelperowl_defendpat9
autohelperowl_defendpat20
autohelperowl_defendpat21
autohelperowl_defendpat22
autohelperowl_defendpat23
autohelperowl_defendpat27
autohelperowl_defendpat29
autohelperowl_defendpat34
autohelperowl_defendpat40
autohelperowl_defendpat45
autohelperowl_defendpat49
autohelperowl_defendpat50
autohelperowl_attackpat149
autohelperowl_attackpat152
autohelperowl_attackpat153
autohelperowl_attackpat158
autohelperowl_attackpat159
autohelperowl_attackpat160
autohelperowl_attackpat162
autohelperowl_attackpat163
autohelperowl_attackpat165
autohelperowl_attackpat167
autohelperowl_attackpat168
autohelperowl_attackpat170
autohelperowl_attackpat171
autohelperowl_attackpat173
autohelperowl_attackpat174
autohelperowl_attackpat175
autohelperowl_attackpat179
autohelperowl_attackpat180
autohelperowl_attackpat181
autohelperowl_attackpat182
autohelperowl_attackpat183
autohelperowl_attackpat184
autohelperowl_attackpat186
autohelperowl_attackpat187
autohelperowl_attackpat188
autohelperowl_attackpat189
autohelperowl_attackpat190
autohelperowl_attackpat191
autohelperowl_attackpat192
autohelperowl_attackpat193
autohelperowl_attackpat194
autohelperowl_attackpat195
autohelperowl_attackpat196
autohelperowl_attackpat197
autohelperowl_attackpat198
autohelperowl_attackpat199
autohelperowl_attackpat201
autohelperowl_attackpat202
autohelperowl_attackpat203
autohelperowl_attackpat204
autohelperowl_attackpat205
autohelperowl_attackpat206
autohelperowl_attackpat207
autohelperowl_attackpat208
autohelperowl_attackpat209
autohelperowl_attackpat210
autohelperowl_attackpat211
autohelperowl_attackpat212
autohelperowl_attackpat213
autohelperowl_attackpat214
autohelperowl_attackpat215
autohelperowl_attackpat218
autohelperowl_attackpat219
autohelperowl_attackpat220
autohelperowl_attackpat222
autohelperowl_attackpat223
autohelperowl_attackpat224
autohelperowl_attackpat225
autohelperowl_attackpat226
autohelperowl_attackpat227
autohelperowl_attackpat228
autohelperowl_attackpat229
autohelperowl_attackpat230
autohelperowl_attackpat231
autohelperowl_attackpat232
autohelperowl_attackpat233
autohelperowl_attackpat235
autohelperowl_attackpat236
autohelperowl_attackpat237
autohelperowl_attackpat238
autohelperowl_attackpat239
autohelperowl_attackpat241
autohelperowl_attackpat242
autohelperowl_attackpat243
autohelperowl_attackpat244
autohelperowl_attackpat245
autohelperowl_attackpat246
autohelperowl_attackpat248
autohelperowl_attackpat249
autohelperowl_attackpat253
autohelperowl_attackpat259
autohelperowl_attackpat269
autohelperowl_attackpat270
autohelperowl_attackpat271
autohelperowl_attackpat273
autohelperowl_attackpat284
autohelperowl_attackpat285
autohelperowl_attackpat286
autohelperowl_attackpat287
autohelperowl_attackpat289
autohelperowl_attackpat290
autohelperowl_attackpat291
autohelperowl_attackpat303
autohelperowl_attackpat306
autohelperowl_attackpat307
autohelperowl_attackpat308
autohelperowl_attackpat309
autohelperowl_attackpat310
autohelperowl_attackpat311
autohelperowl_attackpat312
autohelperowl_attackpat313
autohelperowl_attackpat314
autohelperowl_attackpat315
autohelperowl_attackpat316
autohelperowl_attackpat317
autohelperowl_attackpat321
autohelperowl_attackpat322
autohelperowl_attackpat323
autohelperconn6
autohelperconn7
autohelperconn9
autohelperconn10
autohelperconn11
autohelperconn12
autohelperconn13
autohelperconn14
autohelperconn16
autohelperconn18
autohelperconn19
autohelperconn21
autohelperconn22
autohelperconn24
autohelperconn25
autohelperconn26
autohelperconn27
autohelperconn28
autohelperconn29
autohelperconn30
autohelperconn31
autohelperconn34
autohelperconn35
autohelperconn37
autohelperconn38
autohelperconn39
autohelperconn40
autohelperconn41
autohelperconn42
autohelperconn43
autohelperconn44
autohelperconn45
autohelperconn46
autohelperconn47
autohelperconn48
autohelperconn49
autohelperconn50
autohelperconn51
autohelperconn54
autohelperconn55
autohelperconn56
autohelperconn57
autohelperconn58
autohelperconn65
autohelperconn66
autohelperconn67
autohelperconn68
autohelperconn69
autohelperconn70
autohelperconn71
autohelperconn72
autohelperconn73
autohelperconn74
autohelperconn75
autohelperconn76
autohelperconn77
autohelperconn78
autohelperconn79
autohelperconn80
autohelperconn81
autohelperconn82
autohelperconn83
autohelperconn84
autohelperconn85
autohelperconn86
autohelperconn87
autohelperconn88
autohelperconn89
autohelperconn90
autohelperconn91
autohelperconn92
autohelperconn93
autohelperconn94
autohelperconn95
autohelperconn96
autohelperconn97
autohelperconn98
autohelperconn99
autohelperconn100
autohelperpat1
autohelperpat2
autohelperpat3
autohelperpat5
autohelperpat6
autohelperpat7
autohelperpat11
autohelperpat12
autohelperpat13
autohelperpat15
autohelperpat16
autohelperpat17
autohelperpat19
autohelperpat24
autohelperpat25
autohelperpat26
autohelperpat28
autohelperpat29
autohelperpat30
autohelperpat31
autohelperpat32
autohelperpat34
autohelperpat35
autohelperpat36
autohelperpat37
autohelperpat38
autohelperpat39
autohelperpat42
autohelperpat43
autohelperpat44
autohelperpat45
autohelperpat46
autohelperpat47
autohelperpat48
autohelperpat49
autohelperpat50
autohelperpat51
autohelperpat52
autohelperpat53
autohelperpat54
autohelperpat55
autohelperpat56
autohelperpat63
autohelperpat65
autohelperpat66
autohelperpat67
autohelperpat69
autohelperpat70
autohelperpat73
autohelperpat74
autohelperpat77
autohelperpat78
autohelperpat79
autohelperpat80
autohelperpat81
autohelperpat82
autohelperpat83
autohelperpat84
autohelperpat85
autohelperpat86
autohelperpat87
autohelperpat88
autohelperpat89
autohelperpat90
autohelperpat91
autohelperpat96
autohelperpat100
autohelperpat101
autohelperpat105
autohelperpat106
autohelperpat107
autohelperpat108
autohelperpat109
autohelperpat110
autohelperpat111
autohelperpat112
autohelperpat113
autohelperpat115
autohelperpat117
autohelperpat118
autohelperpat119
autohelperpat120
autohelperpat123
autohelperpat139
autohelperpat140
autohelperpat141
autohelperpat142
autohelperpat143
autohelperpat144
autohelperpat145
autohelperpat148
autohelperpat149
autohelperpat151
autohelperpat152
autohelperpat153
autohelperpat154
autohelperpat155
autohelperpat156
autohelperpat157
autohelperpat160
autohelperpat161
autohelperpat162
autohelperpat164
autohelperpat165
autohelperpat166
autohelperpat167
autohelperpat168
autohelperpat171
autohelperpat174
autohelperpat175
autohelperpat177
autohelperpat178
autohelperpat180
autohelperpat181
autohelperpat182
autohelperpat183
autohelperpat185
autohelperpat189
autohelperpat190
autohelperpat192
autohelperpat197
autohelperpat202
autohelperpat207
autohelperpat208
autohelperpat212
autohelperpat215
autohelperpat220
autohelperpat256
autohelperpat263
autohelperpat267
autohelperpat269
autohelperpat270
autohelperpat276
autohelperpat278
autohelperpat286
autohelperpat301
autohelperpat302
autohelperpat305
autohelperpat306
autohelperpat307
autohelperpat313
autohelperpat315
autohelperpat319
autohelperpat320
autohelperpat326
autohelperpat327
autohelperpat331
autohelperpat332
autohelperpat333
autohelperpat334
autohelperpat335
autohelperpat336
autohelperpat342
autohelperpat343
autohelperpat346
autohelperpat347
autohelperpat348
autohelperpat353
autohelperpat354
autohelperpat355
autohelperpat356
autohelperpat357
autohelperpat358
autohelperpat359
autohelperpat360
autohelperpat362
autohelperpat367
autohelperpat374
autohelperpat375
autohelperpat377
autohelperpat383
autohelperpat386
autohelperpat390
autohelperpat395
autohelperpat402
autohelperpat408
autohelperpat411
autohelperpat413
autohelperpat418
autohelperpat421
autohelperpat425
autohelperpat426
autohelperpat427
autohelperpat428
autohelperpat429
autohelperpat435
autohelperpat436
autohelperpat438
autohelperpat441
autohelperpat452
autohelperpat456
autohelperpat459
autohelperpat460
autohelperpat463
autohelperpat464
autohelperpat465
autohelperpat466
autohelperpat468
autohelperpat471
autohelperpat472
autohelperpat486
autohelperpat488
autohelperpat489
autohelperpat490
autohelperpat491
autohelperpat498
autohelperpat499
autohelperpat500
autohelperpat501
autohelperpat502
autohelperpat503
autohelperpat504
autohelperpat505
autohelperpat507
autohelperpat508
autohelperpat509
autohelperpat513
autohelperpat517
autohelperpat518
autohelperpat519
autohelperpat521
autohelperpat529
autohelperpat531
autohelperpat538
autohelperpat540
autohelperpat548
autohelperpat549
autohelperpat550
autohelperpat551
autohelperpat554
autohelperpat555
autohelperpat556
autohelperpat558
autohelperpat561
autohelperpat563
autohelperpat565
autohelperpat566
autohelperpat570
autohelperpat572
autohelperpat574
autohelperpat578
autohelperpat581
autohelperpat585
autohelperpat588
autohelperpat589
autohelperpat591
autohelperpat598
autohelperpat600
autohelperpat607
autohelperpat611
autohelperpat614
autohelperpat616
autohelperpat618
autohelperpat621
autohelperpat622
autohelperpat623
autohelperpat626
autohelperpat628
autohelperpat630
autohelperpat632
autohelperpat634
autohelperpat640
autohelperpat642
autohelperpat643
autohelperpat647
autohelperpat648
autohelperpat653
autohelperpat654
autohelperpat657
autohelperpat658
autohelperpat659
autohelperpat660
autohelperpat661
autohelperpat665
autohelperpat670
autohelperpat675
autohelperpat676
autohelperpat677
autohelperpat678
autohelperpat679
autohelperpat680
autohelperpat681
autohelperpat683
autohelperpat686
autohelperpat688
autohelperpat692
autohelperpat693
autohelperpat694
autohelperpat696
autohelperpat697
autohelperpat698
autohelperpat701
autohelperpat937
autohelperpat938
autohelperpat939
autohelperpat941
autohelperpat942
autohelperpat943
autohelperpat944
autohelperpat945
autohelperpat947
autohelperpat948
autohelperpat949
autohelperpat950
autohelperpat951
autohelperpat952
autohelperpat953
autohelperpat954
autohelperpat955
autohelperpat956
autohelperpat957
autohelperpat958
autohelperpat959
autohelperpat960
autohelperpat961
autohelperpat962
autohelperpat963
autohelperpat964
autohelperpat965
autohelperpat966
autohelperpat967
autohelperpat968
autohelperpat969
autohelperpat970
autohelperpat971
autohelperpat972
autohelperpat973
autohelperpat974
autohelperpat975
autohelperpat976
autohelperpat977
autohelperpat978
autohelperpat979
autohelperpat980
autohelperpat981
autohelperpat982
autohelperpat983
autohelperpat984
autohelperpat985
autohelperpat986
autohelperpat987
autohelperpat988
autohelperpat989
autohelperpat990
autohelperpat991
autohelperpat992
autohelperpat993
autohelperpat994
autohelperpat995
autohelperpat996
autohelperpat997
autohelperpat998
autohelperpat999
autohelperpat1000
autohelperpat1001
autohelperpat1002
autohelperpat1003
autohelperpat1004
autohelperpat1005
autohelperpat1006
autohelperpat1007
autohelperpat1008
autohelperpat1009
autohelperpat1010
autohelperpat1011
autohelperpat1013
autohelperpat1020
autohelperpat1021
autohelperpat1022
autohelperpat1024
autohelperpat1025
autohelperpat1026
autohelperpat1027
autohelperpat1028
autohelperpat1029
autohelperpat1030
autohelperpat1031
autohelperpat1032
autohelperpat1033
autohelperpat1034
autohelperpat1035
autohelperpat1038
autohelperpat1041
autohelperpat1042
autohelperpat1044
autohelperpat1045
autohelperpat1046
autohelperpat1048
autohelperpat1050
autohelperpat1052
autohelperpat1055
autohelperpat1060
autohelperpat1061
autohelperpat1062
autohelperpat1065
autohelperpat1068
autohelperpat1071
autohelperpat1074
autohelperpat1083
autohelperpat1085
autohelperpat1086
autohelperpat1088
autohelperpat1090
autohelperpat1091
autohelperpat1092
autohelperpat1094
autohelperpat1095
autohelperpat1098
autohelperpat1101
autohelperpat1102
autohelperpat1103
autohelperpat1104
autohelperpat1105
autohelperpat1106
autohelperpat1107
autohelperpat1108
autohelperpat1109
autohelperpat1111
autohelperpat1112
autohelperpat1113
autohelperpat1114
autohelperpat1115
autohelperpat1117
autohelperpat1118
autohelperpat1119
autohelperpat1120
autohelperpat1121
autohelperpat1122
autohelperpat1123
autohelperpat1124
autohelperpat1125
autohelperpat1126
autohelperpat1127
autohelperpat1128
autohelperpat1129
autohelperpat1130
autohelperpat1131
autohelperpat1132
autohelperpat1133
autohelperpat1134
autohelperpat1135
autohelperpat1137
autohelperpat1138
autohelperpat1139
autohelperpat1140
autohelperpat1141
autohelperpat1144
autohelperpat1146
autohelperpat1147
autohelperpat1148
autohelperpat1149
autohelperpat1150
autohelperpat1152
autohelperattpat9
autohelperattpat10
autohelperdefpat0
autohelperdefpat1
autohelperdefpat10
autohelperdefpat31
autohelperowl_vital_apat0
autohelperowl_vital_apat1
autohelperowl_vital_apat5
autohelperowl_vital_apat7
autohelperowl_vital_apat8
autohelperowl_vital_apat9
autohelperowl_vital_apat10
autohelperowl_vital_apat12
autohelperowl_vital_apat13
autohelperowl_vital_apat14
autohelperowl_vital_apat15
autohelperowl_vital_apat16
autohelperowl_vital_apat17
autohelperowl_vital_apat18
autohelperowl_vital_apat19
autohelperowl_vital_apat20
autohelperowl_vital_apat21
autohelperowl_vital_apat22
autohelperowl_vital_apat23
autohelperowl_vital_apat27
autohelperowl_vital_apat28
autohelperowl_vital_apat30
autohelperowl_vital_apat34
autohelperowl_vital_apat35
autohelperowl_vital_apat37
autohelperowl_vital_apat38
autohelperowl_vital_apat39
autohelperowl_vital_apat40
autohelperowl_vital_apat41
autohelperowl_vital_apat42
autohelperowl_vital_apat43
autohelperowl_vital_apat44
autohelperowl_vital_apat45
autohelperowl_vital_apat46
autohelperowl_vital_apat47
autohelperowl_vital_apat49
autohelperinfluencepat14
autohelperinfluencepat19
autohelperinfluencepat20
autohelperinfluencepat21
autohelperinfluencepat22
autohelperbarrierspat3
autohelperbarrierspat6
autohelperbarrierspat7
autohelperbarrierspat12
autohelperbarrierspat15
autohelperbarrierspat17
autohelperbarrierspat18
autohelperbarrierspat19
autohelperbarrierspat20
autohelperbarrierspat21
autohelperbarrierspat22
autohelperbarrierspat24
autohelperbarrierspat26
autohelperbarrierspat27
autohelperbarrierspat30
autohelperbarrierspat33
autohelperbarrierspat37
autohelperbarrierspat39
autohelperbarrierspat42
autohelperbarrierspat43
autohelperbarrierspat46
autohelperbarrierspat47
autohelperbarrierspat48
autohelperbarrierspat50
autohelperbarrierspat58
autohelperbarrierspat60
autohelperbarrierspat61
autohelperbarrierspat62
autohelperbarrierspat63
autohelperbarrierspat64
autohelperbarrierspat65
autohelperbarrierspat66
autohelperbarrierspat72
autohelperbarrierspat73
autohelperbarrierspat75
autohelperbarrierspat76
autohelperbarrierspat77
autohelperbarrierspat78
autohelperbarrierspat79
autohelperbarrierspat80
autohelperbarrierspat81
autohelperbarrierspat82
autohelperbarrierspat83
autohelperbarrierspat84
autohelperbarrierspat85
autohelperbarrierspat86
autohelperbarrierspat87
autohelperbarrierspat88
autohelperbarrierspat89
autohelperbarrierspat90
autohelperbarrierspat91
autohelperbarrierspat92
autohelperbarrierspat93
autohelperbarrierspat94
autohelperbarrierspat95
autohelperbarrierspat99
autohelperbarrierspat100
autohelperbarrierspat101
autohelperbarrierspat102
autohelperbarrierspat103
autohelperbarrierspat104
autohelperbarrierspat105
autohelperbarrierspat109
autohelperbarrierspat111
autohelperbarrierspat112
autohelperbarrierspat113
autohelperbarrierspat115
autohelperbarrierspat116
autohelperbarrierspat117
autohelperbarrierspat118
autohelperbarrierspat119
autohelperbarrierspat120
autohelperbarrierspat121
autohelperbarrierspat122
autohelperbarrierspat123
autohelperbarrierspat124
autohelperbarrierspat125
autohelperbarrierspat126
autohelperbarrierspat127
autohelperbarrierspat128
autohelperbarrierspat129
autohelperbarrierspat131
autohelperbarrierspat132
autohelperbarrierspat133
autohelperbarrierspat134
autohelperbarrierspat135
autohelperbarrierspat136
autohelperbarrierspat137
autohelperbarrierspat138
autohelperbarrierspat139
autohelperbarrierspat140
autohelperbarrierspat141
autohelperbarrierspat142
autohelperbarrierspat143
autohelperbarrierspat144
autohelperbarrierspat145
autohelperbarrierspat146
autohelperbarrierspat147
autohelperbarrierspat148
autohelperbarrierspat149
autohelperbarrierspat150
autohelperbarrierspat151
autohelperbarrierspat152
autohelperbarrierspat153
autohelperbarrierspat154
autohelperbarrierspat155
autohelperbarrierspat156
autohelperbarrierspat157
autohelperbarrierspat158
autohelperbarrierspat159
autohelperbarrierspat160
autohelperbarrierspat161
autohelperbarrierspat162
autohelperbarrierspat163
autohelperbarrierspat164
autohelperbarrierspat165
autohelperbarrierspat166
autohelperbarrierspat167
autohelperbarrierspat168
autohelperbarrierspat169
autohelperbarrierspat170
autohelperbarrierspat171
autohelperbarrierspat172
autohelperbarrierspat173
autohelperbarrierspat174
autohelperbarrierspat175
autohelperbarrierspat176
autohelperbarrierspat177
autohelperbarrierspat178
autohelperbarrierspat179
autohelperbarrierspat180
autohelperbarrierspat181
autohelperbarrierspat182
autohelperbarrierspat183
autohelperbarrierspat184
autohelperbarrierspat185
autohelperendpat0
autohelperendpat1
autohelperendpat2
autohelperendpat3
autohelperendpat4
autohelperendpat5
autohelperendpat7
autohelperendpat8
autohelperendpat9
autohelperendpat10
autohelperendpat11
autohelperendpat12
autohelperendpat13
autohelperendpat14
autohelperendpat15
autohelperendpat16
autohelperendpat17
autohelperendpat18
autohelperendpat19
autohelperendpat20
autohelperendpat22
autohelperendpat23
autohelperendpat27
autohelperendpat28
autohelperendpat29
autohelperendpat30
autohelperendpat32
autohelperendpat33
autohelperendpat34
autohelperendpat35
autohelperendpat40
autohelperendpat41
autohelperowl_defendpat54
autohelperowl_defendpat55
autohelperowl_defendpat58
autohelperowl_defendpat61
autohelperowl_defendpat62
autohelperowl_defendpat63
autohelperowl_defendpat64
autohelperowl_defendpat66
autohelperowl_defendpat67
autohelperowl_defendpat68
autohelperowl_defendpat69
autohelperowl_defendpat72
autohelperowl_defendpat74
autohelperowl_defendpat75
autohelperowl_defendpat76
autohelperowl_defendpat77
autohelperowl_defendpat78
autohelperowl_defendpat79
autohelperowl_defendpat80
autohelperowl_defendpat81
autohelperowl_defendpat82
autohelperowl_defendpat85
autohelperowl_defendpat86
autohelperowl_defendpat87
autohelperowl_defendpat88
autohelperowl_defendpat89
autohelperowl_defendpat91
autohelperowl_defendpat92
autohelperowl_defendpat96
autohelperowl_defendpat103
autohelperowl_defendpat104
autohelperowl_defendpat105
autohelperowl_defendpat106
autohelperowl_defendpat107
autohelperowl_defendpat108
autohelperowl_defendpat109
autohelperowl_defendpat110
autohelperowl_defendpat111
autohelperowl_defendpat114
autohelperowl_defendpat117
autohelperowl_defendpat118
autohelperowl_defendpat119
autohelperowl_defendpat120
autohelperowl_defendpat122
autohelperowl_defendpat123
autohelperowl_defendpat124
autohelperowl_defendpat125
autohelperowl_defendpat127
autohelperowl_defendpat128
autohelperowl_defendpat131
autohelperowl_defendpat133
autohelperowl_defendpat134
autohelperowl_defendpat135
autohelperowl_defendpat136
autohelperowl_defendpat137
autohelperowl_defendpat139
autohelperowl_defendpat141
autohelperowl_defendpat142
autohelperowl_defendpat144
autohelperowl_defendpat146
autohelperowl_defendpat147
autohelperowl_defendpat149
autohelperowl_defendpat150
autohelperowl_defendpat151
autohelperowl_defendpat153
autohelperowl_defendpat154
autohelperowl_defendpat155
autohelperowl_defendpat156
autohelperowl_defendpat159
autohelperowl_defendpat160
autohelperowl_defendpat161
autohelperowl_defendpat162
autohelperowl_defendpat163
autohelperowl_defendpat164
autohelperowl_defendpat165
autohelperowl_defendpat166
autohelperowl_defendpat167
autohelperowl_defendpat168
autohelperowl_defendpat169
autohelperowl_defendpat170
autohelperowl_defendpat171
autohelperowl_defendpat172
autohelperowl_defendpat174
autohelperowl_defendpat175
autohelperowl_defendpat176
autohelperowl_defendpat177
autohelperowl_defendpat179
autohelperowl_defendpat185
autohelperowl_defendpat190
autohelperowl_defendpat191
autohelperowl_defendpat192
autohelperowl_defendpat193
autohelperowl_defendpat194
autohelperowl_defendpat202
autohelperowl_defendpat203
autohelperowl_defendpat204
autohelperowl_defendpat207
autohelperowl_defendpat209
autohelperowl_defendpat213
autohelperowl_defendpat214
autohelperowl_defendpat217
autohelperowl_defendpat218
autohelperowl_defendpat220
autohelperowl_defendpat224
autohelperowl_defendpat226
autohelperowl_defendpat227
autohelperowl_defendpat229
autohelperowl_defendpat230
autohelperowl_defendpat231
autohelperowl_defendpat232
autohelperowl_defendpat235
autohelperowl_defendpat236
autohelperowl_defendpat238
autohelperowl_defendpat239
autohelperowl_defendpat240
autohelperowl_defendpat241
autohelperowl_defendpat242
autohelperowl_defendpat244
autohelperowl_defendpat245
autohelperowl_defendpat246
autohelperowl_defendpat249
autohelperowl_defendpat250
autohelperowl_defendpat251
autohelperowl_defendpat252
autohelperowl_defendpat253
autohelperowl_defendpat254
autohelperowl_defendpat256
autohelperowl_defendpat257
autohelperowl_defendpat259
autohelperowl_defendpat261
autohelperowl_defendpat262
autohelperowl_defendpat263
autohelperowl_defendpat264
autohelperowl_defendpat265
autohelperowl_defendpat266
autohelperowl_defendpat267
autohelperowl_defendpat268
autohelperowl_defendpat270
autohelperowl_defendpat271
autohelperowl_defendpat272
autohelperowl_defendpat274
autohelperowl_defendpat275
autohelperowl_defendpat278
autohelperowl_defendpat279
autohelperowl_defendpat280
autohelperowl_defendpat281
autohelperowl_defendpat282
autohelperowl_defendpat283
autohelperowl_defendpat286
autohelperowl_defendpat287
autohelperowl_defendpat288
autohelperowl_defendpat289
autohelperowl_defendpat291
autohelperowl_defendpat293
autohelperowl_defendpat294
autohelperowl_defendpat295
autohelperowl_defendpat296
autohelperowl_defendpat297
autohelperowl_defendpat299
autohelperowl_defendpat300
autohelperowl_defendpat301
autohelperowl_defendpat302
autohelperowl_defendpat303
autohelperowl_defendpat304
autohelperowl_defendpat305
autohelperowl_defendpat306
autohelperowl_defendpat307
autohelperowl_defendpat308
autohelperowl_defendpat309
autohelperowl_defendpat310
autohelperowl_defendpat311
autohelperowl_defendpat312
autohelperowl_defendpat313
autohelperowl_defendpat314
autohelperowl_defendpat315
autohelperowl_defendpat316
autohelperowl_defendpat317
autohelperowl_defendpat318
autohelperowl_defendpat319
autohelperowl_defendpat320
autohelperowl_defendpat321
autohelperowl_defendpat322
autohelperowl_defendpat323
autohelperowl_defendpat324
autohelperowl_defendpat325
autohelperowl_defendpat327
autohelperowl_defendpat328
autohelperowl_defendpat329
autohelperowl_defendpat330
autohelperowl_defendpat331
autohelperowl_defendpat332
autohelperowl_defendpat333
autohelperowl_defendpat334
autohelperowl_defendpat335
autohelperowl_defendpat336
autohelperowl_defendpat337
autohelperowl_defendpat339
autohelperowl_defendpat340
autohelperowl_defendpat341
autohelperowl_defendpat342
autohelperowl_defendpat343
autohelperowl_defendpat344
autohelperowl_defendpat345
autohelperowl_defendpat346
autohelperowl_defendpat347
autohelperowl_defendpat348
autohelperowl_defendpat349
autohelperowl_defendpat350
autohelperowl_defendpat351
autohelperowl_defendpat353
autohelperowl_defendpat354
autohelperowl_defendpat355
autohelperowl_defendpat356
autohelperowl_defendpat357
autohelperowl_defendpat358
autohelperowl_defendpat359
autohelperowl_defendpat360
autohelperowl_defendpat361
autohelperowl_defendpat362
autohelperowl_defendpat363
autohelperowl_defendpat364
autohelperowl_defendpat366
autohelperowl_defendpat367
autohelperowl_defendpat368
autohelperowl_defendpat369
autohelperowl_defendpat370
autohelperowl_defendpat371
autohelperowl_defendpat372
autohelperowl_defendpat373
autohelperowl_defendpat374
autohelperowl_defendpat379
autohelperowl_defendpat381
autohelperowl_defendpat382
autohelperowl_defendpat383
autohelperowl_defendpat384
autohelperowl_defendpat385
autohelperowl_defendpat386
autohelperowl_defendpat387
autohelperowl_defendpat388
autohelperowl_defendpat389
autohelperowl_defendpat390
autohelperowl_defendpat391
autohelperowl_defendpat392
autohelperowl_defendpat393
autohelperowl_defendpat394
autohelperowl_defendpat395
autohelperowl_defendpat396
autohelperowl_defendpat397
autohelperowl_defendpat398
autohelperowl_defendpat399
autohelperowl_defendpat400
autohelperowl_defendpat401
autohelperowl_defendpat403
autohelperowl_defendpat404
autohelperowl_defendpat405
autohelperowl_defendpat411
autohelperowl_defendpat412
autohelperowl_defendpat414
autohelperowl_defendpat416
autohelperowl_defendpat417
autohelperowl_defendpat418
autohelperowl_defendpat419
autohelperowl_defendpat420
autohelperowl_defendpat421
autohelperowl_defendpat422
autohelperowl_defendpat423
autohelperfusekipat3
autohelperfusekipat6
autohelperfusekipat9
autohelperfusekipat26
autohelperfusekipat34
autohelperfusekipat52
autohelperfusekipat53
autohelperfusekipat54
autohelperfusekipat58
autohelperfusekipat63
autohelperfusekipat64
autohelperfusekipat65
autohelperfusekipat66
autohelperfusekipat67
autohelperfusekipat79
autohelperfusekipat84
autohelperfusekipat85
autohelperfusekipat86
autohelperfusekipat88
autohelperfusekipat100
autohelperfusekipat101
autohelperfusekipat102
autohelperfusekipat104
autohelperfusekipat114
autohelperfusekipat131
autohelperfusekipat132
autohelperfusekipat133
autohelperfusekipat134
autohelperfusekipat137
autohelperfusekipat141
autohelperfusekipat145
autohelperfusekipat146
autohelperfusekipat147
autohelperfusekipat148
autohelperjoseki10
autohelperjoseki12
autohelperjoseki14
autohelperjoseki16
autohelperjoseki18
autohelperjoseki20
autohelperjoseki22
autohelperjoseki24
autohelperjoseki26
autohelperjoseki28
autohelperjoseki29
autohelperjoseki31
autohelperjoseki33
autohelperjoseki35
autohelperjoseki37
autohelperjoseki39
autohelperjoseki41
autohelperjoseki42
autohelperjoseki44
autohelperjoseki46
autohelperjoseki48
autohelperjoseki50
autohelperjoseki60
autohelperjoseki64
autohelperjoseki75
autohelperjoseki85
autohelperjoseki88
autohelperjoseki110
autohelperjoseki116
autohelperjoseki117
autohelperjoseki134
autohelperjoseki145
autohelperjoseki155
autohelperjoseki164
autohelperjoseki166
autohelperjoseki190
autohelperjoseki191
autohelperjoseki193
autohelperjoseki195
autohelperjoseki197
autohelperjoseki199
autohelperjoseki201
autohelperjoseki203
autohelperjoseki205
autohelperjoseki207
autohelperjoseki209
autohelperjoseki211
autohelperjoseki213
autohelperjoseki215
autohelperjoseki217
autohelperjoseki219
autohelperjoseki221
autohelperjoseki223
autohelperjoseki225
autohelperjoseki227
autohelperjoseki229
autohelperjoseki231
autohelperjoseki233
autohelperjoseki235
autohelperjoseki237
autohelperjoseki239
autohelperjoseki241
autohelperjoseki243
autohelperjoseki245
autohelperjoseki247
autohelperjoseki249
autohelperjoseki251
autohelperjoseki253
autohelperjoseki255
autohelperjoseki256
autohelperjoseki257
autohelperjoseki259
autohelperjoseki261
autohelperjoseki263
autohelperjoseki265
autohelperjoseki267
autohelperjoseki269
autohelperjoseki271
autohelperjoseki273
autohelperjoseki275
autohelperjoseki276
autohelperjoseki278
autohelperjoseki280
autohelperjoseki281
autohelperjoseki283
autohelperjoseki285
autohelperjoseki287
autohelperjoseki289
autohelperjoseki291
autohelperjoseki293
autohelperjoseki295
Inst:   call void asm sideeffect "bndmk ($0,$1), %bnd0;      bndstx %bnd0, ($2,$3);", "r,r,r,r,~{bnd0},~{dirflag},~{fpsr},~{flags}"(i64 %9, i64 %10, i8* %11, i64 %12) #7, !srcloc !3 => 0
Inst:   call void asm sideeffect "bndldx ($1,$2), %bnd0;      bndmov %bnd0, $0;", "=*m,r,r,~{bnd0},~{dirflag},~{fpsr},~{flags}"([2 x i64]* %5, i8* %6, i64 %7) #7, !srcloc !3 => 0
Inst:   call void asm sideeffect ".byte 0x48, 0x0f,0xae,0x2f\0A\09", "{di},*m,{ax},{dx},~{memory},~{dirflag},~{fpsr},~{flags}"(%struct.xsave_struct* %12, %struct.xsave_struct* %13, i32 %14, i32 %15) #7, !srcloc !3 => 0
Inst:   call void asm sideeffect ".byte 0x48, 0x0f,0xae,0x27\0A\09", "{di},*m,{ax},{dx},~{memory},~{dirflag},~{fpsr},~{flags}"(%struct.xsave_struct* %19, %struct.xsave_struct* %20, i32 %21, i32 %22) #7, !srcloc !3 => 0
Inst:   %12 = call { i32, i32, i32, i32 } asm "  xchgq  %rbx,${1:q}\0A  cpuid\0A  xchgq  %rbx,${1:q}", "={ax},=r,={cx},={dx},0,2,~{dirflag},~{fpsr},~{flags}"(i32 0, i32 0) #3, !srcloc !3 => 0
Inst:   %27 = call { i32, i32, i32, i32 } asm "  xchgq  %rbx,${1:q}\0A  cpuid\0A  xchgq  %rbx,${1:q}", "={ax},=r,={cx},={dx},0,2,~{dirflag},~{fpsr},~{flags}"(i32 7, i32 0) #3, !srcloc !4 => 0
Inst:   %37 = call { i32, i32, i32, i32 } asm "  xchgq  %rbx,${1:q}\0A  cpuid\0A  xchgq  %rbx,${1:q}", "={ax},=r,={cx},={dx},0,2,~{dirflag},~{fpsr},~{flags}"(i32 13, i32 0) #3, !srcloc !5 => 0
Inst:   %10 = call { i32, i32, i32, i32 } asm "  xchgq  %rbx,${1:q}\0A  cpuid\0A  xchgq  %rbx,${1:q}", "={ax},=r,={cx},={dx},0,~{dirflag},~{fpsr},~{flags}"(i32 %9) #3, !srcloc !3 => 0
Inst:   %49 = call i32 %43(i32 %44, i32 %45, i32 %46, i32 0) => 1637
Inst:   %68 = call i32 %61(%struct.pattern* %62, i32 %63, i32 %64, i32 %65) => 0
Inst:   %45 = call i32 %40(%struct.influence_data* %41, i32 %42) => 3
Inst:   %53 = call i32 %48(%struct.influence_data* %49, i32 %50) => 3
Inst:   %168 = call i32 %161(%struct.influence_data* %162, i32 %165) => 3
Inst:   %450 = call i32 %444(i32 %445, i32 %446, i32 %447, i32 0) => 1637
Inst:   %469 = call i32 %462(%struct.pattern* %463, i32 %464, i32 %465, i32 %466) => 0
Inst:   %518 = call i32 %512(i32 %513, i32 %514, i32 %515, i32 1) => 1637
Inst:   %50 = call i32 %44(i32 %45, i32 %46, i32 %47, i32 0) => 1637
Inst:   %69 = call i32 %62(%struct.pattern* %63, i32 %64, i32 %65, i32 %66) => 0
Inst:   %100 = call i32 %94(i32 %95, i32 %96, i32 %97, i32 2) => 1637
Inst:   call void %57(i32 1) => 2
Inst:   call void %60(void (i32, i32, %struct.pattern*, i32, i8*)* %61, i32 1, i32 1, %struct.pattern_db* %62, i8* %63, i8* %64, i32 %65) => 2
Inst:   call void %68(i32 2) => 2
Inst:   call void %71(void (i32, i32, %struct.pattern*, i32, i8*)* %72, i32 2, i32 2, %struct.pattern_db* %73, i8* %74, i8* %75, i32 %76) => 2
Inst:   call void %80(i32 1) => 2
Inst:   call void %83(void (i32, i32, %struct.pattern*, i32, i8*)* %84, i32 1, i32 2, %struct.pattern_db* %85, i8* %86, i8* %87, i32 %88) => 2
Inst:   call void %91(i32 2) => 2
Inst:   call void %94(void (i32, i32, %struct.pattern*, i32, i8*)* %95, i32 2, i32 1, %struct.pattern_db* %96, i8* %97, i8* %98, i32 %99) => 2
Inst:   call void %103(i32 %104) => 2
Inst:   call void %107(void (i32, i32, %struct.pattern*, i32, i8*)* %108, i32 %109, i32 1, %struct.pattern_db* %110, i8* %111, i8* %112, i32 %113) => 2
Inst:   call void %116(void (i32, i32, %struct.pattern*, i32, i8*)* %117, i32 %118, i32 2, %struct.pattern_db* %119, i8* %120, i8* %121, i32 %122) => 2
Inst:   call void %185(i32 %186, i32 %187, %struct.pattern* %188, i32 %189, i8* %190) => 12
Inst:   call void %447(i32 %448, i32 %449, %struct.pattern* %450, i32 %451, i8* %452) => 12
Inst:   call void %153(i32 %154, %struct.fullboard_pattern* %155, i32 %156) => 1
Inst:   %73 = call i32 %64(i32 %65, i32 %70) => 8
Inst:   %124 = call i32 %117(%struct.pattern* %118, i32 %119, i32 %120, i32 %121) => 0
Inst:   %59 = call i32 %53(i32 %54, i32 %55, i32 %56, i32 0) => 1637
Inst:   %117 = call i32 %111(i32 %112, i32 %113, i32 %114, i32 0) => 1637
Inst:   %442 = call i32 %436(i32 %437, i32 %438, i32 %439, i32 0) => 1637
Inst:   %473 = call i32 %466(%struct.pattern* %467, i32 %468, i32 %469, i32 %470) => 0
Inst:   %534 = call i32 %528(i32 %529, i32 %530, i32 %531, i32 1) => 1637
Inst:   %42 = call i32 %36(i32 %37, i32 %38, i32 %39, i32 0) => 1637
Inst:   %61 = call i32 %54(%struct.pattern* %55, i32 %56, i32 %57, i32 %58) => 0
Inst:   %42 = call i32 %36(i32 %37, i32 %38, i32 %39, i32 0) => 1637
Inst:   %61 = call i32 %54(%struct.pattern* %55, i32 %56, i32 %57, i32 %58) => 0
Inst:   %71 = call i32 %65(i32 %66, i32 %67, i32 %68, i32 0) => 1637
Inst:   %127 = call i32 %123(i8* %124) => 107
Inst:   call void %71(i32 %76, i32 %81, i32* %8, i32* %9) => 2
Inst:   call void %62(i32 %64, i32 %66, i32* %67, i32* %68) => 2
Inst:   %230 = call i32 %224(i32 %225, i32 %226, i32 %227, i32 0) => 1637
Inst:   %249 = call i32 %242(%struct.pattern* %243, i32 %244, i32 %245, i32 %246) => 0
Inst:   %403 = call i32 %397(i32 %398, i32 %399, i32 %400, i32 1) => 1637
Inst:   %53 = call i32 %48(i8* %49, i8* %50) => 4
Max Matched: 1637
Total ICT: 52
Total Allowed Target: 23097
